<?xml version="1.0" encoding="UTF-8"?>
<!-- Generated by org.testng.reporters.JUnitXMLReporter -->
<testsuite ignored="10" hostname="LAPTOP-Q1P4S741" failures="0" tests="1" name="Default test" time="2.771" errors="0" timestamp="2022-06-09T16:04:42 CEST">
  <testcase classname="com.testcases.CustomerTests" name="createCustomerWithInvalidEmail" time="2.686"/>
  <testcase classname="com.testcases.CustomerTests" name="listAllCustomers" time="0.0">
    <ignored/>
  </testcase> <!-- listAllCustomers -->
  <testcase classname="com.testcases.CustomerTests" name="createCustomerWithInvalidKey" time="0.0">
    <ignored/>
  </testcase> <!-- createCustomerWithInvalidKey -->
  <testcase classname="com.testcases.CustomerTests" name="createCustomerWithInvalidBalance" time="0.0">
    <ignored/>
  </testcase> <!-- createCustomerWithInvalidBalance -->
  <testcase classname="com.testcases.CustomerTests" name="searchExistingtwoCustomers" time="0.0">
    <ignored/>
  </testcase> <!-- searchExistingtwoCustomers -->
  <testcase classname="com.testcases.CustomerTests" name="RetrieveCustomer" time="0.0">
    <ignored/>
  </testcase> <!-- RetrieveCustomer -->
  <testcase classname="com.testcases.CustomerTests" name="deleteCustomer" time="0.0">
    <ignored/>
  </testcase> <!-- deleteCustomer -->
  <testcase classname="com.testcases.CustomerTests" name="updateCustomer" time="0.0">
    <ignored/>
  </testcase> <!-- updateCustomer -->
  <testcase classname="com.testcases.CustomerTests" name="createCustomerWithValidKey" time="0.0">
    <ignored/>
  </testcase> <!-- createCustomerWithValidKey -->
  <testcase classname="com.testcases.CustomerTests" name="createCustomerWithInvalidPhoneNumber" time="0.0">
    <ignored/>
  </testcase> <!-- createCustomerWithInvalidPhoneNumber -->
  <testcase classname="com.testcases.CustomerTests" name="getCustomersWithSpecifiedEmailAddress" time="0.0">
    <ignored/>
  </testcase> <!-- getCustomersWithSpecifiedEmailAddress -->
</testsuite> <!-- Default test -->
