<?xml version="1.0" encoding="UTF-8"?>
<!-- Generated by org.testng.reporters.JUnitXMLReporter -->
<testsuite ignored="0" hostname="LAPTOP-Q1P4S741" failures="0" tests="4" name="Default test" time="4.661" errors="0" timestamp="2022-05-24T14:38:17 CEST">
  <testcase classname="com.testcases.testcase1" name="createCustomerWithInvalidKey" time="2.307"/>
  <testcase classname="com.testcases.testcase1" name="createCustomerWithValidKey" time="0.76"/>
  <testcase classname="com.testcases.testcase1" name="createCustomerWithValidKey" time="0.7"/>
  <testcase classname="com.testcases.testcase1" name="createCustomerWithValidKey" time="0.768"/>
</testsuite> <!-- Default test -->
