<?xml version="1.0" encoding="UTF-8"?>
<!-- Generated by org.testng.reporters.JUnitXMLReporter -->
<testsuite ignored="0" hostname="LAPTOP-Q1P4S741" failures="0" tests="3" name="Balance API test" time="2.468" errors="0" timestamp="2022-06-28T17:45:46 CEST">
  <testcase classname="com.testcases.BalanceTests" name="retrieveBalance" time="0.667"/>
  <testcase classname="com.testcases.BalanceTests" name="retrieveBalanceTransactionWithInvalidId" time="0.621"/>
  <testcase classname="com.testcases.BalanceTests" name="listAllBalanceTransactions" time="0.587"/>
</testsuite> <!-- Balance API test -->
