<?xml version="1.0" encoding="UTF-8"?>
<!-- Generated by org.testng.reporters.JUnitXMLReporter -->
<testsuite ignored="0" hostname="LAPTOP-Q1P4S741" failures="2" tests="15" name="Create customer API test" time="14.528" errors="0" timestamp="2022-06-28T17:45:43 CEST">
  <testcase classname="com.testcases.CustomerTests" name="createCustomerWithValidKey" time="3.452"/>
  <testcase classname="com.testcases.CustomerTests" name="createCustomerWithValidKey" time="0.822"/>
  <testcase classname="com.testcases.CustomerTests" name="createCustomerWithValidKey" time="0.913"/>
  <testcase classname="com.testcases.CustomerTests" name="createCustomerWithInvalidKey" time="0.375"/>
  <testcase classname="com.testcases.CustomerTests" name="listAllCustomers" time="0.878"/>
  <testcase classname="com.testcases.CustomerTests" name="searchExistingTwoCustomers" time="0.739"/>
  <testcase classname="com.testcases.CustomerTests" name="searchCustomersWithValidQueryParameter" time="0.693"/>
  <testcase classname="com.testcases.CustomerTests" name="createCustomerWithInvalidPhoneNumber" time="0.672">
    <failure type="java.lang.AssertionError" message="This fail is caused by API defect! expected [400] but found [200]">
      <![CDATA[java.lang.AssertionError: This fail is caused by API defect! expected [400] but found [200]
at com.testcases.CustomerTests.createCustomerWithInvalidPhoneNumber(CustomerTests.java:77)
at java.base/java.util.ArrayList.forEach(ArrayList.java:1511)
... Removed 32 stack frames]]>
    </failure>
  </testcase> <!-- createCustomerWithInvalidPhoneNumber -->
  <testcase classname="com.testcases.CustomerTests" name="createCustomerWithInvalidEmail" time="0.581">
    <failure type="java.lang.AssertionError" message="This fail is caused by API defect! expected [400] but found [200]">
      <![CDATA[java.lang.AssertionError: This fail is caused by API defect! expected [400] but found [200]
at com.testcases.CustomerTests.createCustomerWithInvalidEmail(CustomerTests.java:85)
at java.base/java.util.ArrayList.forEach(ArrayList.java:1511)
... Removed 32 stack frames]]>
    </failure>
  </testcase> <!-- createCustomerWithInvalidEmail -->
  <testcase classname="com.testcases.CustomerTests" name="getCustomersWithSpecifiedEmailAddress" time="0.681"/>
  <testcase classname="com.testcases.CustomerTests" name="searchWithoutQueryParameter" time="0.63"/>
  <testcase classname="com.testcases.CustomerTests" name="createCustomerWithInvalidBalance" time="0.63"/>
  <testcase classname="com.testcases.CustomerTests" name="updateCustomer" time="1.849"/>
  <testcase classname="com.testcases.CustomerTests" name="deleteCustomer" time="0.754"/>
  <testcase classname="com.testcases.CustomerTests" name="RetrieveCustomer" time="0.658"/>
</testsuite> <!-- Create customer API test -->
