<?xml version="1.0" encoding="UTF-8"?>
<!-- Generated by org.testng.reporters.JUnitXMLReporter -->
<testsuite ignored="0" hostname="LAPTOP-Q1P4S741" failures="0" tests="13" name="Invoice API test" time="14.483" errors="0" timestamp="2022-06-28T17:46:19 CEST">
  <testcase classname="com.testcases.InvoiceTests" name="createInvoiceItem" time="0.722"/>
  <testcase classname="com.testcases.InvoiceTests" name="createInvoice" time="1.029"/>
  <testcase classname="com.testcases.InvoiceTests" name="createInvoiceWithoutValidCustomerId" time="0.335"/>
  <testcase classname="com.testcases.InvoiceTests" name="updateInvoice" time="0.752"/>
  <testcase classname="com.testcases.InvoiceTests" name="retrieveInvoice" time="1.071"/>
  <testcase classname="com.testcases.InvoiceTests" name="finalizeInvoice" time="1.143"/>
  <testcase classname="com.testcases.InvoiceTests" name="payInvoice" time="3.314"/>
  <testcase classname="com.testcases.InvoiceTests" name="voidInvoiceThatWasPaid" time="0.648"/>
  <testcase classname="com.testcases.InvoiceTests" name="markInvoiceAsUncollectible" time="0.733"/>
  <testcase classname="com.testcases.InvoiceTests" name="listTwoLastInvoices" time="0.781"/>
  <testcase classname="com.testcases.InvoiceTests" name="searchInvoices" time="0.827"/>
  <testcase classname="com.testcases.InvoiceTests" name="deleteDraftInvoice" time="2.243"/>
  <testcase classname="com.testcases.InvoiceTests" name="deletePaidInvoice" time="0.612"/>
</testsuite> <!-- Invoice API test -->
