<?xml version="1.0" encoding="UTF-8"?>
<!-- Generated by org.testng.reporters.JUnitXMLReporter -->
<testsuite ignored="0" hostname="LAPTOP-Q1P4S741" failures="1" tests="9" name="Paymentintents API test" time="7.41" errors="0" timestamp="2022-06-28T17:46:05 CEST">
  <testcase classname="com.testcases.PaymentintentsTests" name="createValidPaymentintent" time="0.745"/>
  <testcase classname="com.testcases.PaymentintentsTests" name="createValidPaymentintent" time="1.04"/>
  <testcase classname="com.testcases.PaymentintentsTests" name="createPaymentintentWithoutValidAmount" time="0.776"/>
  <testcase classname="com.testcases.PaymentintentsTests" name="createPaymentintentWithoutValidCurrency" time="0.672">
    <failure type="java.lang.AssertionError" message="This fail is caused by API defect! expected [Missing required param: currency.] but found [Missing required param: amount.]">
      <![CDATA[java.lang.AssertionError: This fail is caused by API defect! expected [Missing required param: currency.] but found [Missing required param: amount.]
at com.testcases.PaymentintentsTests.createPaymentintentWithoutValidCurrency(PaymentintentsTests.java:45)
at java.base/java.util.ArrayList.forEach(ArrayList.java:1511)
... Removed 32 stack frames]]>
    </failure>
  </testcase> <!-- createPaymentintentWithoutValidCurrency -->
  <testcase classname="com.testcases.PaymentintentsTests" name="retrievePaymentintent" time="0.68"/>
  <testcase classname="com.testcases.PaymentintentsTests" name="updatePaymentintent" time="0.77"/>
  <testcase classname="com.testcases.PaymentintentsTests" name="confirmPaymentintentWithoutPaymentMethod" time="0.839"/>
  <testcase classname="com.testcases.PaymentintentsTests" name="cancelPaymentintent" time="0.803"/>
  <testcase classname="com.testcases.PaymentintentsTests" name="listTwoPaymentintents" time="0.832"/>
</testsuite> <!-- Paymentintents API test -->
