<?xml version="1.0" encoding="UTF-8"?>
<!-- Generated by org.testng.reporters.JUnitXMLReporter -->
<testsuite ignored="0" hostname="LAPTOP-Q1P4S741" failures="0" tests="9" name="Product API test" time="11.193" errors="0" timestamp="2022-06-28T17:45:57 CEST">
  <testcase classname="com.testcases.ProductTests" name="createProduct" time="0.732"/>
  <testcase classname="com.testcases.ProductTests" name="createProduct" time="0.69"/>
  <testcase classname="com.testcases.ProductTests" name="createProductWithoutValidName" time="3.173"/>
  <testcase classname="com.testcases.ProductTests" name="retrieveProduct" time="2.835"/>
  <testcase classname="com.testcases.ProductTests" name="updateProduct" time="0.752"/>
  <testcase classname="com.testcases.ProductTests" name="listAllActiveProducts" time="0.674"/>
  <testcase classname="com.testcases.ProductTests" name="deleteProduct" time="0.677"/>
  <testcase classname="com.testcases.ProductTests" name="deleteProduct" time="0.766"/>
  <testcase classname="com.testcases.ProductTests" name="searchDeletedProduct" time="0.662"/>
</testsuite> <!-- Product API test -->
