<?xml version="1.0" encoding="UTF-8"?>
<!-- Generated by org.testng.reporters.JUnitXMLReporter -->
<testsuite hostname="LAPTOP-Q1P4S741" ignored="0" name="Create customer API test" tests="4" failures="0" timestamp="2022-05-26T09:29:28 CEST" time="5.673" errors="0">
  <testcase name="createCustomerWithInvalidKey" time="3.346" classname="com.testcases.testcase1"/>
  <testcase name="createCustomerWithValidKey" time="0.7" classname="com.testcases.testcase1"/>
  <testcase name="createCustomerWithValidKey" time="0.768" classname="com.testcases.testcase1"/>
  <testcase name="createCustomerWithValidKey" time="0.725" classname="com.testcases.testcase1"/>
</testsuite> <!-- Create customer API test -->
