<?xml version="1.0" encoding="UTF-8"?>
<!-- Generated by org.testng.reporters.JUnitXMLReporter -->
<testsuite hostname="LAPTOP-Q1P4S741" ignored="0" name="Create customer API test" tests="4" failures="0" timestamp="2022-05-26T13:16:22 CEST" time="4.442" errors="0">
  <testcase name="createCustomerWithInvalidKey" time="2.041" classname="com.testcases.testcase1"/>
  <testcase name="createCustomerWithValidKey" time="0.881" classname="com.testcases.testcase1"/>
  <testcase name="createCustomerWithValidKey" time="0.702" classname="com.testcases.testcase1"/>
  <testcase name="createCustomerWithValidKey" time="0.752" classname="com.testcases.testcase1"/>
</testsuite> <!-- Create customer API test -->
