<?xml version="1.0" encoding="UTF-8"?>
<testsuite xmlns:xsi="http://www.w3.org/2001/XMLSchema-instance" xsi:noNamespaceSchemaLocation="https://maven.apache.org/surefire/maven-surefire-plugin/xsd/surefire-test-report-3.0.xsd" version="3.0" name="TestSuite" time="11.968" tests="4" errors="0" skipped="0" failures="0">
  <properties>
[...]
</properties>
  <testcase name="createCustomerWithInvalidKey[{email=marco88@wp.pl, name=Marco Rubio, description=Adding the new customer Marcko Rubio to data base}](1)" classname="com.testcases.testcase1" time="3.362">
    <system-err><![CDATA[SLF4J: Failed to load class "org.slf4j.impl.StaticLoggerBinder".
SLF4J: Defaulting to no-operation (NOP) logger implementation
SLF4J: See http://www.slf4j.org/codes.html#StaticLoggerBinder for further details.
]]></system-err>
  </testcase>
  <testcase name="createCustomerWithValidKey[{email=mariusz88@gmial.com, name=Mariusz Podgorski, description=Adding the new customer Mariusz Pdgorski to data base}](1)" classname="com.testcases.testcase1" time="0.705"/>
  <testcase name="createCustomerWithValidKey[{email=robert@wp.pl, name=Robert Materka, description=Adding the new customer Robert Materka to data base}](2)" classname="com.testcases.testcase1" time="0.788"/>
  <testcase name="createCustomerWithValidKey[{email=michael88@wp.pl, name=Michael Jordan, description=Adding the new customer Michael Jordan to data base}](3)" classname="com.testcases.testcase1" time="0.707"/>
</testsuite>