<?xml version="1.0" encoding="UTF-8"?>
<testng-results skipped="0" failed="0" ignored="0" total="4" passed="4">
  <reporter-output>
  </reporter-output>
  <suite name="Suite" duration-ms="4442" started-at="2022-05-26T13:16:18 CEST" finished-at="2022-05-26T13:16:22 CEST">
    <groups>
    </groups>
    <test name="Create customer API test" duration-ms="4442" started-at="2022-05-26T13:16:18 CEST" finished-at="2022-05-26T13:16:22 CEST">
      <class name="com.testcases.testcase1">
        <test-method status="PASS" signature="setUp()[pri:0, instance:com.testcases.testcase1@14bee915]" name="setUp" is-config="true" duration-ms="397" started-at="2022-05-26T13:16:17 CEST" finished-at="2022-05-26T13:16:18 CEST">
          <reporter-output>
          </reporter-output>
        </test-method> <!-- setUp -->
        <test-method status="PASS" signature="createCustomerWithInvalidKey(java.util.Hashtable)[pri:0, instance:com.testcases.testcase1@14bee915]" name="createCustomerWithInvalidKey" duration-ms="2041" started-at="2022-05-26T13:16:18 CEST" data-provider="data" finished-at="2022-05-26T13:16:20 CEST">
          <params>
            <param index="0">
              <value>
                <![CDATA[{email=marco88@wp.pl, name=Marco Rubio, description=Adding the new customer Marcko Rubio to data base}]]>
              </value>
            </param>
          </params>
          <reporter-output>
          </reporter-output>
        </test-method> <!-- createCustomerWithInvalidKey -->
        <test-method status="PASS" signature="createCustomerWithValidKey(java.util.Hashtable)[pri:0, instance:com.testcases.testcase1@14bee915]" name="createCustomerWithValidKey" duration-ms="881" started-at="2022-05-26T13:16:20 CEST" data-provider="data" finished-at="2022-05-26T13:16:21 CEST">
          <params>
            <param index="0">
              <value>
                <![CDATA[{email=mariusz88@gmial.com, name=Mariusz Podgorski, description=Adding the new customer Mariusz Pdgorski to data base}]]>
              </value>
            </param>
          </params>
          <reporter-output>
          </reporter-output>
        </test-method> <!-- createCustomerWithValidKey -->
        <test-method status="PASS" signature="createCustomerWithValidKey(java.util.Hashtable)[pri:0, instance:com.testcases.testcase1@14bee915]" name="createCustomerWithValidKey" duration-ms="702" started-at="2022-05-26T13:16:21 CEST" data-provider="data" finished-at="2022-05-26T13:16:21 CEST">
          <params>
            <param index="0">
              <value>
                <![CDATA[{email=robert@wp.pl, name=Robert Materka, description=Adding the new customer Robert Materka to data base}]]>
              </value>
            </param>
          </params>
          <reporter-output>
          </reporter-output>
        </test-method> <!-- createCustomerWithValidKey -->
        <test-method status="PASS" signature="createCustomerWithValidKey(java.util.Hashtable)[pri:0, instance:com.testcases.testcase1@14bee915]" name="createCustomerWithValidKey" duration-ms="752" started-at="2022-05-26T13:16:21 CEST" data-provider="data" finished-at="2022-05-26T13:16:22 CEST">
          <params>
            <param index="0">
              <value>
                <![CDATA[{email=michael88@wp.pl, name=Michael Jordan, description=Adding the new customer Michael Jordan to data base}]]>
              </value>
            </param>
          </params>
          <reporter-output>
          </reporter-output>
        </test-method> <!-- createCustomerWithValidKey -->
        <test-method status="PASS" signature="tearDown()[pri:0, instance:com.testcases.testcase1@14bee915]" name="tearDown" is-config="true" duration-ms="0" started-at="2022-05-26T13:16:23 CEST" finished-at="2022-05-26T13:16:23 CEST">
          <reporter-output>
          </reporter-output>
        </test-method> <!-- tearDown -->
      </class> <!-- com.testcases.testcase1 -->
    </test> <!-- Create customer API test -->
  </suite> <!-- Suite -->
</testng-results>
