<?xml version="1.0" encoding="UTF-8"?>
<testng-results ignored="0" total="4" passed="4" failed="0" skipped="0">
  <reporter-output>
  </reporter-output>
  <suite started-at="2022-05-24T14:38:12 CEST" name="Default suite" finished-at="2022-05-24T14:38:17 CEST" duration-ms="4661">
    <groups>
    </groups>
    <test started-at="2022-05-24T14:38:12 CEST" name="Default test" finished-at="2022-05-24T14:38:17 CEST" duration-ms="4661">
      <class name="com.testcases.testcase1">
        <test-method is-config="true" signature="setUp()[pri:0, instance:com.testcases.testcase1@4a31c2ee]" started-at="2022-05-24T14:38:11 CEST" name="setUp" finished-at="2022-05-24T14:38:12 CEST" duration-ms="540" status="PASS">
          <reporter-output>
          </reporter-output>
        </test-method> <!-- setUp -->
        <test-method signature="createCustomerWithInvalidKey(java.util.Hashtable)[pri:0, instance:com.testcases.testcase1@4a31c2ee]" started-at="2022-05-24T14:38:12 CEST" name="createCustomerWithInvalidKey" data-provider="data" finished-at="2022-05-24T14:38:14 CEST" duration-ms="2307" status="PASS">
          <params>
            <param index="0">
              <value>
                <![CDATA[{email=marco88@wp.pl, name=Marco Rubio, description=Adding the new customer Marcko Rubio to data base}]]>
              </value>
            </param>
          </params>
          <reporter-output>
          </reporter-output>
        </test-method> <!-- createCustomerWithInvalidKey -->
        <test-method signature="createCustomerWithValidKey(java.util.Hashtable)[pri:0, instance:com.testcases.testcase1@4a31c2ee]" started-at="2022-05-24T14:38:14 CEST" name="createCustomerWithValidKey" data-provider="data" finished-at="2022-05-24T14:38:15 CEST" duration-ms="760" status="PASS">
          <params>
            <param index="0">
              <value>
                <![CDATA[{email=mariusz88@gmial.com, name=Mariusz Podgorski, description=Adding the new customer Mariusz Pdgorski to data base}]]>
              </value>
            </param>
          </params>
          <reporter-output>
          </reporter-output>
        </test-method> <!-- createCustomerWithValidKey -->
        <test-method signature="createCustomerWithValidKey(java.util.Hashtable)[pri:0, instance:com.testcases.testcase1@4a31c2ee]" started-at="2022-05-24T14:38:15 CEST" name="createCustomerWithValidKey" data-provider="data" finished-at="2022-05-24T14:38:16 CEST" duration-ms="700" status="PASS">
          <params>
            <param index="0">
              <value>
                <![CDATA[{email=robert@wp.pl, name=Robert Materka, description=Adding the new customer Robert Materka to data base}]]>
              </value>
            </param>
          </params>
          <reporter-output>
          </reporter-output>
        </test-method> <!-- createCustomerWithValidKey -->
        <test-method signature="createCustomerWithValidKey(java.util.Hashtable)[pri:0, instance:com.testcases.testcase1@4a31c2ee]" started-at="2022-05-24T14:38:16 CEST" name="createCustomerWithValidKey" data-provider="data" finished-at="2022-05-24T14:38:17 CEST" duration-ms="768" status="PASS">
          <params>
            <param index="0">
              <value>
                <![CDATA[{email=michael88@wp.pl, name=Michael Jordan, description=Adding the new customer Michael Jordan to data base}]]>
              </value>
            </param>
          </params>
          <reporter-output>
          </reporter-output>
        </test-method> <!-- createCustomerWithValidKey -->
        <test-method is-config="true" signature="tearDown()[pri:0, instance:com.testcases.testcase1@4a31c2ee]" started-at="2022-05-24T14:38:17 CEST" name="tearDown" finished-at="2022-05-24T14:38:17 CEST" duration-ms="0" status="PASS">
          <reporter-output>
          </reporter-output>
        </test-method> <!-- tearDown -->
      </class> <!-- com.testcases.testcase1 -->
    </test> <!-- Default test -->
  </suite> <!-- Default suite -->
</testng-results>
