<?xml version="1.0" encoding="UTF-8"?>
<testng-results ignored="10" total="11" passed="1" failed="0" skipped="0">
  <reporter-output>
  </reporter-output>
  <suite started-at="2022-06-09T16:04:39 CEST" name="Default suite" finished-at="2022-06-09T16:04:42 CEST" duration-ms="2771">
    <groups>
    </groups>
    <test started-at="2022-06-09T16:04:39 CEST" name="Default test" finished-at="2022-06-09T16:04:42 CEST" duration-ms="2771">
      <class name="com.testcases.CustomerTests">
        <test-method is-config="true" signature="setUp()[pri:0, instance:com.testcases.CustomerTests@28276e50]" started-at="2022-06-09T16:04:39 CEST" name="setUp" finished-at="2022-06-09T16:04:39 CEST" duration-ms="568" status="PASS">
          <reporter-output>
          </reporter-output>
        </test-method> <!-- setUp -->
        <test-method signature="createCustomerWithInvalidEmail(java.util.Hashtable)[pri:0, instance:com.testcases.CustomerTests@28276e50]" started-at="2022-06-09T16:04:39 CEST" name="createCustomerWithInvalidEmail" data-provider="data" finished-at="2022-06-09T16:04:42 CEST" duration-ms="2686" status="PASS">
          <params>
            <param index="0">
              <value>
                <![CDATA[{email=marco88wp.pl, name=Marco Rubio}]]>
              </value>
            </param>
          </params>
          <reporter-output>
          </reporter-output>
        </test-method> <!-- createCustomerWithInvalidEmail -->
        <test-method is-config="true" signature="tearDown()[pri:0, instance:com.testcases.CustomerTests@28276e50]" started-at="2022-06-09T16:04:43 CEST" name="tearDown" finished-at="2022-06-09T16:04:43 CEST" duration-ms="1" status="PASS">
          <reporter-output>
          </reporter-output>
        </test-method> <!-- tearDown -->
      </class> <!-- com.testcases.CustomerTests -->
    </test> <!-- Default test -->
  </suite> <!-- Default suite -->
</testng-results>
